  SimulationEngine.cpp
LINK : warning LNK4098: defaultlib 'LIBCMT' conflicts with use of other libs; use /NODEFAULTLIB:library
MSVCRTD.lib(cinitexe.obj) : warning LNK4098: defaultlib 'msvcrt.lib' conflicts with use of other libs; use /NODEFAULTLIB:library
glew32s.lib(glew.obj) : warning LNK4099: PDB 'vc100.pdb' was not found with 'glew32s.lib(glew.obj)' or at 'E:\Libraries\Cloud Storage\Dropbox\School\14 - Fall 2013\Industrial Simulation Project\SolarSystem\SolarSystem\Debug\vc100.pdb'; linking object as if no debug info
  SolarSystem.vcxproj -> E:\Libraries\Cloud Storage\Dropbox\School\14 - Fall 2013\Industrial Simulation Project\SolarSystem\SolarSystem\Debug\SolarSystem.exe
  E:\Libraries\Cloud Storage\Dropbox\School\14 - Fall 2013\Industrial Simulation Project\SolarSystem\SolarSystem\SolarSystem\Assets\glfw3.dll
  E:\Libraries\Cloud Storage\Dropbox\School\14 - Fall 2013\Industrial Simulation Project\SolarSystem\SolarSystem\SolarSystem\Assets\libFLAC-8.dll
  E:\Libraries\Cloud Storage\Dropbox\School\14 - Fall 2013\Industrial Simulation Project\SolarSystem\SolarSystem\SolarSystem\Assets\libfreetype-6.dll
  E:\Libraries\Cloud Storage\Dropbox\School\14 - Fall 2013\Industrial Simulation Project\SolarSystem\SolarSystem\SolarSystem\Assets\libjpeg-9.dll
  E:\Libraries\Cloud Storage\Dropbox\School\14 - Fall 2013\Industrial Simulation Project\SolarSystem\SolarSystem\SolarSystem\Assets\libmikmod-2.dll
  E:\Libraries\Cloud Storage\Dropbox\School\14 - Fall 2013\Industrial Simulation Project\SolarSystem\SolarSystem\SolarSystem\Assets\libmodplug-1.dll
  E:\Libraries\Cloud Storage\Dropbox\School\14 - Fall 2013\Industrial Simulation Project\SolarSystem\SolarSystem\SolarSystem\Assets\libogg-0.dll
  E:\Libraries\Cloud Storage\Dropbox\School\14 - Fall 2013\Industrial Simulation Project\SolarSystem\SolarSystem\SolarSystem\Assets\libpng16-16.dll
  E:\Libraries\Cloud Storage\Dropbox\School\14 - Fall 2013\Industrial Simulation Project\SolarSystem\SolarSystem\SolarSystem\Assets\libtiff-5.dll
  E:\Libraries\Cloud Storage\Dropbox\School\14 - Fall 2013\Industrial Simulation Project\SolarSystem\SolarSystem\SolarSystem\Assets\libvorbis-0.dll
  E:\Libraries\Cloud Storage\Dropbox\School\14 - Fall 2013\Industrial Simulation Project\SolarSystem\SolarSystem\SolarSystem\Assets\libvorbisfile-3.dll
  E:\Libraries\Cloud Storage\Dropbox\School\14 - Fall 2013\Industrial Simulation Project\SolarSystem\SolarSystem\SolarSystem\Assets\libwebp-4.dll
  E:\Libraries\Cloud Storage\Dropbox\School\14 - Fall 2013\Industrial Simulation Project\SolarSystem\SolarSystem\SolarSystem\Assets\SDL2.dll
  E:\Libraries\Cloud Storage\Dropbox\School\14 - Fall 2013\Industrial Simulation Project\SolarSystem\SolarSystem\SolarSystem\Assets\SDL2_image.dll
  E:\Libraries\Cloud Storage\Dropbox\School\14 - Fall 2013\Industrial Simulation Project\SolarSystem\SolarSystem\SolarSystem\Assets\SDL2_mixer.dll
  E:\Libraries\Cloud Storage\Dropbox\School\14 - Fall 2013\Industrial Simulation Project\SolarSystem\SolarSystem\SolarSystem\Assets\SDL2_net.dll
  E:\Libraries\Cloud Storage\Dropbox\School\14 - Fall 2013\Industrial Simulation Project\SolarSystem\SolarSystem\SolarSystem\Assets\SDL2_ttf.dll
  E:\Libraries\Cloud Storage\Dropbox\School\14 - Fall 2013\Industrial Simulation Project\SolarSystem\SolarSystem\SolarSystem\Assets\smpeg2.dll
  E:\Libraries\Cloud Storage\Dropbox\School\14 - Fall 2013\Industrial Simulation Project\SolarSystem\SolarSystem\SolarSystem\Assets\zlib1.dll
  19 File(s) copied
